0 info it worked if it ends with ok
1 verbose cli [ '/usr/local/bin/node', '/usr/local/bin/npm', 'link' ]
2 info using npm@3.10.5
3 info using node@v6.3.1
4 verbose linkPkg /Users/31611/Development/Github/LearnYeoman
5 verbose stack Error: ENOENT: no such file or directory, open '/Users/31611/Development/Github/LearnYeoman/package.json'
5 verbose stack     at Error (native)
6 verbose cwd /Users/31611/Development/Github/LearnYeoman
7 error Darwin 15.3.0
8 error argv "/usr/local/bin/node" "/usr/local/bin/npm" "link"
9 error node v6.3.1
10 error npm  v3.10.5
11 error path /Users/31611/Development/Github/LearnYeoman/package.json
12 error code ENOENT
13 error errno -2
14 error syscall open
15 error enoent ENOENT: no such file or directory, open '/Users/31611/Development/Github/LearnYeoman/package.json'
16 error enoent ENOENT: no such file or directory, open '/Users/31611/Development/Github/LearnYeoman/package.json'
16 error enoent This is most likely not a problem with npm itself
16 error enoent and is related to npm not being able to find a file.
17 verbose exit [ -2, true ]
